<?xml version="1.0" encoding="UTF-8"?>
<!-- Generated by org.testng.reporters.JUnitReportReporter -->
<testsuite name="org.sapia.corus.ftest.rest.deploy.DeployTest" tests="6" failures="0" timestamp="9 Jan 2015 21:22:10 GMT" time="0.563" errors="0">
  <testcase name="testUndeployDist_specific_host" time="0.124" classname="org.sapia.corus.ftest.rest.deploy.DeployTest"/>
  <testcase name="testUndeployDist_clustered" time="0.128" classname="org.sapia.corus.ftest.rest.deploy.DeployTest"/>
  <testcase name="testDeployDist_specific_host" time="0.114" classname="org.sapia.corus.ftest.rest.deploy.DeployTest"/>
  <testcase name="testDeploy_auth_clustered" time="0.021" classname="org.sapia.corus.ftest.rest.deploy.DeployTest"/>
  <testcase name="testDeployDist_clustered" time="0.156" classname="org.sapia.corus.ftest.rest.deploy.DeployTest"/>
  <testcase name="testDeploy_auth_specific_host" time="0.020" classname="org.sapia.corus.ftest.rest.deploy.DeployTest"/>
</testsuite> <!-- org.sapia.corus.ftest.rest.deploy.DeployTest -->
