<?xml version="1.0" encoding="UTF-8"?>
<!-- Generated by org.testng.reporters.JUnitReportReporter -->
<testsuite name="org.sapia.corus.ftest.rest.deploy.RoleResourcesFuncTest" tests="4" failures="0" timestamp="9 Jan 2015 22:21:30 GMT" time="0.556" errors="0">
  <testcase name="testAddRole_clustered" time="0.406" classname="org.sapia.corus.ftest.rest.deploy.RoleResourcesFuncTest"/>
  <testcase name="testDeleteRole_clustered" time="0.058" classname="org.sapia.corus.ftest.rest.deploy.RoleResourcesFuncTest"/>
  <testcase name="testAddRole_specific_host" time="0.032" classname="org.sapia.corus.ftest.rest.deploy.RoleResourcesFuncTest"/>
  <testcase name="testDeleteRole_specific_host" time="0.060" classname="org.sapia.corus.ftest.rest.deploy.RoleResourcesFuncTest"/>
</testsuite> <!-- org.sapia.corus.ftest.rest.deploy.RoleResourcesFuncTest -->
