<?xml version="1.0" encoding="UTF-8"?>
<!-- Generated by org.testng.reporters.JUnitReportReporter -->
<testsuite name="org.sapia.corus.ftest.rest.deploy.PropertiesTest" tests="7" failures="0" timestamp="9 Jan 2015 21:22:10 GMT" time="0.871" errors="0">
  <testcase name="testAddProperties_category_clustered" time="0.423" classname="org.sapia.corus.ftest.rest.deploy.PropertiesTest"/>
  <testcase name="testAddProperties_category_specific_host" time="0.050" classname="org.sapia.corus.ftest.rest.deploy.PropertiesTest"/>
  <testcase name="testDeleteProperties_category_specific_host" time="0.084" classname="org.sapia.corus.ftest.rest.deploy.PropertiesTest"/>
  <testcase name="testAddProperties_clustered" time="0.055" classname="org.sapia.corus.ftest.rest.deploy.PropertiesTest"/>
  <testcase name="testAddProperties_specific_host" time="0.047" classname="org.sapia.corus.ftest.rest.deploy.PropertiesTest"/>
  <testcase name="testDeleteProperties_clustered" time="0.092" classname="org.sapia.corus.ftest.rest.deploy.PropertiesTest"/>
  <testcase name="testDeleteProperties_category_clustered" time="0.120" classname="org.sapia.corus.ftest.rest.deploy.PropertiesTest"/>
</testsuite> <!-- org.sapia.corus.ftest.rest.deploy.PropertiesTest -->
