<?xml version="1.0" encoding="UTF-8"?>
<!-- Generated by org.testng.reporters.JUnitReportReporter -->
<testsuite name="org.sapia.corus.ftest.rest.ProcessResourcesFuncTest" tests="12" failures="0" timestamp="10 Jan 2015 06:07:03 GMT" time="424.058" errors="0">
  <testcase name="testRestart_specific_host" time="50.287" classname="org.sapia.corus.ftest.rest.ProcessResourcesFuncTest"/>
  <testcase name="testKill_specific_host" time="47.302" classname="org.sapia.corus.ftest.rest.ProcessResourcesFuncTest"/>
  <testcase name="testClean_clustered" time="0.373" classname="org.sapia.corus.ftest.rest.ProcessResourcesFuncTest"/>
  <testcase name="testSuspendResume_specific_host_and_process" time="56.355" classname="org.sapia.corus.ftest.rest.ProcessResourcesFuncTest"/>
  <testcase name="testExec_clustered" time="6.081" classname="org.sapia.corus.ftest.rest.ProcessResourcesFuncTest"/>
  <testcase name="testSuspendResume_clustered" time="36.235" classname="org.sapia.corus.ftest.rest.ProcessResourcesFuncTest"/>
  <testcase name="testRestart_clustered" time="50.321" classname="org.sapia.corus.ftest.rest.ProcessResourcesFuncTest"/>
  <testcase name="testSuspendResume_specific_host" time="53.341" classname="org.sapia.corus.ftest.rest.ProcessResourcesFuncTest"/>
  <testcase name="testExec_specific_host" time="26.185" classname="org.sapia.corus.ftest.rest.ProcessResourcesFuncTest"/>
  <testcase name="testClean_specific_host" time="20.128" classname="org.sapia.corus.ftest.rest.ProcessResourcesFuncTest"/>
  <testcase name="testKill_clustered" time="47.280" classname="org.sapia.corus.ftest.rest.ProcessResourcesFuncTest"/>
  <testcase name="testRestart_specific_host_and_process" time="30.170" classname="org.sapia.corus.ftest.rest.ProcessResourcesFuncTest"/>
</testsuite> <!-- org.sapia.corus.ftest.rest.ProcessResourcesFuncTest -->
