<?xml version="1.0" encoding="UTF-8"?>
<!-- Generated by org.testng.reporters.JUnitReportReporter -->
<testsuite name="org.sapia.corus.ftest.rest.deploy.ApplicationKeyResourcesFuncTest" tests="1" failures="0" timestamp="9 Jan 2015 23:22:39 GMT" time="0.416" errors="0">
  <testcase name="testUpdateRole_clustered" time="0.416" classname="org.sapia.corus.ftest.rest.deploy.ApplicationKeyResourcesFuncTest"/>
</testsuite> <!-- org.sapia.corus.ftest.rest.deploy.ApplicationKeyResourcesFuncTest -->
