<?xml version="1.0" encoding="UTF-8"?>
<!-- Generated by org.testng.reporters.JUnitReportReporter -->
<testsuite hostname="BELC02LL1MBFD58.sea.corp.expecn.com" name="org.sapia.corus.ftest.rest.PropertiesResourcesFuncTest" tests="7" failures="0" timestamp="15 Jan 2015 03:31:43 GMT" time="32.496" errors="0">
  <testcase name="testAddProperties_category_specific_host" time="12.401" classname="org.sapia.corus.ftest.rest.PropertiesResourcesFuncTest"/>
  <testcase name="testAddProperties_clustered" time="0.036" classname="org.sapia.corus.ftest.rest.PropertiesResourcesFuncTest"/>
  <testcase name="testDeleteProperties_category_specific_host" time="4.425" classname="org.sapia.corus.ftest.rest.PropertiesResourcesFuncTest"/>
  <testcase name="testAddProperties_specific_host" time="10.581" classname="org.sapia.corus.ftest.rest.PropertiesResourcesFuncTest"/>
  <testcase name="testDeleteProperties_clustered" time="0.862" classname="org.sapia.corus.ftest.rest.PropertiesResourcesFuncTest"/>
  <testcase name="testAddProperties_category_clustered" time="0.398" classname="org.sapia.corus.ftest.rest.PropertiesResourcesFuncTest"/>
  <testcase name="testDeleteProperties_category_clustered" time="3.793" classname="org.sapia.corus.ftest.rest.PropertiesResourcesFuncTest"/>
</testsuite> <!-- org.sapia.corus.ftest.rest.PropertiesResourcesFuncTest -->
