<?xml version="1.0" encoding="UTF-8"?>
<!-- Generated by org.testng.reporters.JUnitReportReporter -->
<testsuite name="org.sapia.corus.ftest.rest.deploy.PortResourcesFunctionalTest" tests="6" failures="0" timestamp="9 Jan 2015 23:53:23 GMT" time="0.580" errors="0">
  <testcase name="testAddPortRange_clustered" time="0.390" classname="org.sapia.corus.ftest.rest.deploy.PortResourcesFunctionalTest"/>
  <testcase name="testReleaseortRange_specific_host" time="0.016" classname="org.sapia.corus.ftest.rest.deploy.PortResourcesFunctionalTest"/>
  <testcase name="testAddPortRange_specific_host" time="0.028" classname="org.sapia.corus.ftest.rest.deploy.PortResourcesFunctionalTest"/>
  <testcase name="testDeletePortRange_specific_host" time="0.055" classname="org.sapia.corus.ftest.rest.deploy.PortResourcesFunctionalTest"/>
  <testcase name="testDeletePortRange_clustered" time="0.067" classname="org.sapia.corus.ftest.rest.deploy.PortResourcesFunctionalTest"/>
  <testcase name="testReleaseortRange_clustered" time="0.024" classname="org.sapia.corus.ftest.rest.deploy.PortResourcesFunctionalTest"/>
</testsuite> <!-- org.sapia.corus.ftest.rest.deploy.PortResourcesFunctionalTest -->
