<?xml version="1.0" encoding="UTF-8"?>
<!-- Generated by org.testng.reporters.JUnitReportReporter -->
<testsuite name="org.sapia.corus.ftest.rest.deploy.TagTest" tests="6" failures="0" timestamp="9 Jan 2015 21:22:10 GMT" time="0.174" errors="0">
  <testcase name="testAddTag_clustered" time="0.039" classname="org.sapia.corus.ftest.rest.deploy.TagTest"/>
  <testcase name="testAddTag_auth_clustered" time="0.019" classname="org.sapia.corus.ftest.rest.deploy.TagTest"/>
  <testcase name="testAddTag_specific_host" time="0.034" classname="org.sapia.corus.ftest.rest.deploy.TagTest"/>
  <testcase name="testDeleteTag_specific_host" time="0.041" classname="org.sapia.corus.ftest.rest.deploy.TagTest"/>
  <testcase name="testDeleteTag_clustered" time="0.029" classname="org.sapia.corus.ftest.rest.deploy.TagTest"/>
  <testcase name="testAddTag_auth_specific_host" time="0.012" classname="org.sapia.corus.ftest.rest.deploy.TagTest"/>
</testsuite> <!-- org.sapia.corus.ftest.rest.deploy.TagTest -->
